android_-signin-system/app/build/intermediates/manifest_merge_blame_file/debug/manifest-merger-blame-debug-report.txt
1<?xml version="1.0" encoding="utf-8"?>
2<manifest xmlns:android="http://schemas.android.com/apk/res/android"
3    package="com.example.android_register_system"
4    android:versionCode="1"
5    android:versionName="1.1" >
6
7    <uses-sdk
8        android:minSdkVersion="16"
8-->src\main\AndroidManifest.xml
9        android:targetSdkVersion="30" />
9-->src\main\AndroidManifest.xml
10
11    <uses-permission android:name="android.permission.INTERNET" />
11-->src\main\AndroidManifest.xml:6:5-67
11-->src\main\AndroidManifest.xml:6:22-64
12
13    <application
13-->src\main\AndroidManifest.xml:8:5-37:19
14        android:allowBackup="true"
14-->src\main\AndroidManifest.xml:9:9-35
15        android:appComponentFactory="android.support.v4.app.CoreComponentFactory"
15-->[com.android.support:support-compat:28.0.0] AndroidManifest.xml:22:18-91
16        android:debuggable="true"
17        android:hardwareAccelerated="true"
17-->src\main\AndroidManifest.xml:10:9-43
18        android:icon="@mipmap/ic_launcher"
18-->src\main\AndroidManifest.xml:11:9-43
19        android:label="@string/app_name"
19-->src\main\AndroidManifest.xml:12:9-41
20        android:roundIcon="@mipmap/ic_launcher_round"
20-->src\main\AndroidManifest.xml:13:9-54
21        android:supportsRtl="true"
21-->src\main\AndroidManifest.xml:14:9-35
22        android:testOnly="true"
23        android:theme="@style/Theme.Android_Register_System"
23-->src\main\AndroidManifest.xml:15:9-61
24        android:usesCleartextTraffic="true" >
24-->src\main\AndroidManifest.xml:16:9-44
25        <activity
25-->src\main\AndroidManifest.xml:17:9-20:89
26            android:name="com.example.android_register_system.CourseListActivity"
26-->src\main\AndroidManifest.xml:18:13-47
27            android:label="@string/title_activity_course_list"
27-->src\main\AndroidManifest.xml:19:13-63
28            android:theme="@style/Theme.Android_Register_System.NoActionBar" />
28-->src\main\AndroidManifest.xml:20:13-77
29        <activity android:name="com.example.android_register_system.RegisterDetailActivity" />
29-->src\main\AndroidManifest.xml:21:9-60
29-->src\main\AndroidManifest.xml:21:19-57
30        <activity android:name="com.example.android_register_system.TeacherCourseDetailActivity" />
30-->src\main\AndroidManifest.xml:22:9-65
30-->src\main\AndroidManifest.xml:22:19-62
31        <activity android:name="com.example.android_register_system.AddCourseActivity" />
31-->src\main\AndroidManifest.xml:23:9-55
31-->src\main\AndroidManifest.xml:23:19-52
32        <activity android:name="com.example.android_register_system.RegisterActivity" />
32-->src\main\AndroidManifest.xml:24:9-54
32-->src\main\AndroidManifest.xml:24:19-51
33        <activity android:name="com.example.android_register_system.TeacherMainActivity" />
33-->src\main\AndroidManifest.xml:25:9-57
33-->src\main\AndroidManifest.xml:25:19-54
34        <activity android:name="com.example.android_register_system.StudentMainActivity" />
34-->src\main\AndroidManifest.xml:26:9-57
34-->src\main\AndroidManifest.xml:26:19-54
35        <activity
35-->src\main\AndroidManifest.xml:27:9-29:50
36            android:name="com.example.android_register_system.StudentCourseDetailActivity"
36-->src\main\AndroidManifest.xml:28:13-56
37            android:hardwareAccelerated="true" />
37-->src\main\AndroidManifest.xml:29:13-47
38        <activity android:name="com.example.android_register_system.LoginActivity" >
38-->src\main\AndroidManifest.xml:30:9-36:20
38-->src\main\AndroidManifest.xml:30:19-48
39            <intent-filter>
39-->src\main\AndroidManifest.xml:31:13-35:29
40                <action android:name="android.intent.action.MAIN" />
40-->src\main\AndroidManifest.xml:32:17-69
40-->src\main\AndroidManifest.xml:32:25-66
41
42                <category android:name="android.intent.category.LAUNCHER" />
42-->src\main\AndroidManifest.xml:34:17-77
42-->src\main\AndroidManifest.xml:34:27-74
43            </intent-filter>
44        </activity>
45    </application>
46
47</manifest>